<?xml version="1.0" encoding="UTF-8"?>
<!-- Generated by org.testng.reporters.JUnitReportReporter -->
<testsuite hostname="LAPTOP-J5E37TJF" failures="0" tests="2" name="test.PimTest" time="3.257" errors="0" timestamp="2022-08-26T10:45:11 IST" skipped="0">
  <testcase classname="test.PimTest" name="verifyPimPage" time="3.093"/>
  <system-out/>
  <testcase classname="test.PimTest" name="verifyIdCheckBoxIsSelected" time="0.164"/>
  <system-out/>
</testsuite> <!-- test.PimTest -->
