<?xml version="1.0" encoding="UTF-8"?>
<!-- Generated by org.testng.reporters.JUnitReportReporter -->
<testsuite hostname="LAPTOP-J5E37TJF" failures="0" tests="2" name="test.PimTest" time="3.097" errors="0" timestamp="2022-08-26T10:37:44 IST" skipped="0">
  <testcase classname="test.PimTest" name="verifyPimPage" time="2.960"/>
  <system-out/>
  <testcase classname="test.PimTest" name="verifyIdCheckBoxIsSelected" time="0.137"/>
  <system-out/>
</testsuite> <!-- test.PimTest -->
